{"date":"2022-06-02 05:30:18","name":"Mano pirma knyga"}
{"date":"2022-06-02 05:31:23","name":"Mano pirma knyga"}
{"date":"2022-06-02 05:31:30","name":"Mano pirma knyga"}
{"date":"2022-06-02 05:32:23","name":"Mano pirma knyga"}
{"date":"2022-06-02 05:32:33","name":"Mano pirma knyga"}
{"date":"2022-06-02 05:32:35","name":"Mano pirma knyga"}
{"date":"2022-06-02 05:33:07","name":"Mano pirma knyga"}
{"date":"2022-06-02 05:33:26","name":"Mano pirma knyga"}
{"date":"2022-06-02 05:34:58","name":"Mano pirma knyga"}
{"date":"2022-06-02 15:12:23","name":"Mano pirma knyga"}
{"date":"2022-06-02 15:12:43","name":"Mano pirma knyga"}
{"date":"2022-06-02 15:14:04","name":"Mano pirma knyga"}
{"date":"2022-06-02 15:14:59","name":"Mano pirma knyga"}
{"date":"2022-06-02 15:15:42","name":"Mano pirma knyga"}
{"date":"2022-06-02 15:16:54","name":"Mano pirma knyga"}
{"date":"2022-06-02 15:17:02","name":"Mano pirma knyga"}
{"date":"2022-06-02 15:17:04","name":"Mano pirma knyga"}
{"date":"2022-06-02 15:18:00","name":"Mano pirma knyga"}
{"date":"2022-06-02 15:18:02","name":"Mano pirma knyga"}
{"date":"2022-06-02 15:18:53","name":"Mano pirma knyga"}
{"date":"2022-06-02 15:19:21","name":"Mano pirma knyga"}
{"date":"2022-06-02 15:19:22","name":"Mano pirma knyga"}
{"date":"2022-06-02 15:19:57","name":"Mano pirma knyga"}
{"date":"2022-06-02 15:22:03","name":"Mano pirma knyga"}
{"date":"2022-06-02 15:25:29","name":"Mano pirma knyga"}
{"date":"2022-06-02 15:25:33","name":"Mano pirma knyga"}
{"date":"2022-06-02 15:27:32","name":"Mano pirma knyga"}
{"date":"2022-06-02 15:27:34","name":"Mano pirma knyga"}
{"date":"2022-06-02 15:30:15","name":"Mano pirma knyga"}
{"date":"2022-06-02 15:30:17","name":"Mano pirma knyga"}
{"date":"2022-06-02 15:30:21","name":"Mano pirma knyga"}
{"date":"2022-06-02 15:30:30","name":"Mano pirma knyga"}
{"date":"2022-06-02 15:31:00","name":"Mano pirma knyga"}
{"date":"2022-06-02 15:31:01","name":"Mano pirma knyga"}
{"date":"2022-06-02 15:31:25","name":"Mano pirma knyga"}
{"date":"2022-06-02 15:31:26","name":"Mano pirma knyga"}
{"date":"2022-06-02 15:34:43","name":"Mano pirma knyga"}
{"date":"2022-06-02 15:34:55","name":"Mano pirma knyga"}
{"date":"2022-06-02 15:35:05","name":"Mano pirma knyga"}
{"date":"2022-06-02 15:41:42","name":"Mano pirma knyga"}
{"date":"2022-06-02 15:42:05","name":"Mano pirma knyga"}
{"date":"2022-06-02 15:42:16","name":"Mano pirma knyga"}
{"date":"2022-06-02 15:42:50","name":"Mano pirma knyga"}
{"date":"2022-06-02 15:42:51","name":"Mano pirma knyga"}
{"date":"2022-06-02 15:43:24","name":"Mano pirma knyga"}
{"date":"2022-06-02 15:43:34","name":"Mano pirma knyga"}
{"date":"2022-06-02 15:43:56","name":"Mano pirma knyga"}
{"date":"2022-06-02 15:52:04","name":"Mano pirma knyga"}
{"date":"2022-06-02 15:52:54","name":"Mano pirma knyga"}
{"date":"2022-06-02 16:22:13","name":"Mano pirma knyga"}
{"date":"2022-06-02 16:24:10","name":"Mano pirma knyga"}
{"date":"2022-06-02 16:25:16","name":"Mano pirma knyga"}
{"date":"2022-06-02 16:26:41","name":"Mano pirma knyga"}
{"date":"2022-06-02 16:41:42","name":"Mano pirma knyga"}
{"date":"2022-06-02 16:41:45","name":"Mano pirma knyga"}
{"date":"2022-06-02 16:42:32","name":"Mano pirma knyga"}
{"date":"2022-06-02 16:42:51","name":"Mano pirma knyga"}
{"date":"2022-06-02 16:42:57","name":"Mano pirma knyga"}
{"date":"2022-06-02 16:42:59","name":"Mano pirma knyga"}
{"date":"2022-06-02 16:43:26","name":"Mano pirma knyga"}
{"date":"2022-06-02 16:43:45","name":"Mano pirma knyga"}
{"date":"2022-06-02 16:45:46","name":"Mano pirma knyga"}
{"date":"2022-06-02 16:45:52","name":"Mano pirma knyga"}
{"date":"2022-06-02 16:45:55","name":"Mano pirma knyga"}
{"date":"2022-06-02 16:46:23","name":"Mano pirma knyga"}
{"date":"2022-06-02 16:46:33","name":"Mano pirma knyga"}
{"date":"2022-06-02 16:46:34","name":"Mano pirma knyga"}
{"date":"2022-06-02 16:46:40","name":"Mano pirma knyga"}
{"date":"2022-06-02 16:46:48","name":"Mano pirma knyga"}
{"date":"2022-06-02 16:47:14","name":"Mano pirma knyga"}
{"date":"2022-06-02 16:50:23","name":"Mano pirma knyga"}
{"date":"2022-06-02 16:51:09","name":"Mano pirma knyga"}
{"date":"2022-06-02 16:51:23","name":"Mano pirma knyga"}
{"date":"2022-06-02 17:10:52","name":"Mano pirma knyga"}
{"date":"2022-06-02 17:10:54","name":"Mano pirma knyga"}
{"date":"2022-06-02 17:11:46","name":"Mano pirma knyga"}
{"date":"2022-06-02 17:14:55","name":"Mano pirma knyga"}
{"date":"2022-06-02 17:15:12","name":"Mano pirma knyga"}
{"date":"2022-06-02 17:16:40","name":"Mano pirma knyga"}
{"date":"2022-06-02 17:16:41","name":"Mano pirma knyga"}
{"date":"2022-06-02 17:17:28","name":"Mano pirma knyga"}
{"date":"2022-06-02 17:18:02","name":"Mano pirma knyga"}
{"date":"2022-06-02 17:18:04","name":"Mano pirma knyga"}
{"date":"2022-06-02 17:19:30","name":"Mano pirma knyga"}
{"date":"2022-06-02 17:19:45","name":"Mano pirma knyga"}
{"date":"2022-06-02 17:19:46","name":"Mano pirma knyga"}
{"date":"2022-06-02 17:43:56","name":"Mano pirma knyga"}
{"date":"2022-06-02 17:44:05","name":"Mano pirma knyga"}
{"date":"2022-06-02 17:44:22","name":"Mano pirma knyga"}
{"date":"2022-06-02 17:46:20","name":"Mano pirma knyga"}
{"date":"2022-06-02 17:46:24","name":"Mano pirma knyga"}
{"date":"2022-06-02 17:46:30","name":"Mano pirma knyga"}
{"date":"2022-06-02 17:46:30","name":"Mano pirma knyga"}
{"date":"2022-06-02 17:46:31","name":"Mano pirma knyga 222"}
{"date":"2022-06-02 17:46:34","name":"Mano pirma knyga"}
{"date":"2022-06-02 17:50:15","name":"Mano pirma knyga 222"}
{"date":"2022-06-02 17:50:17","name":"Mano pirma knyga 222"}
{"date":"2022-06-02 17:50:24","name":"Mano pirma knyga 222"}
{"date":"2022-06-02 17:50:24","name":"Mano pirma knyga test"}
{"date":"2022-06-02 17:51:32","name":"Mano pirma knyga test"}
{"date":"2022-06-02 17:51:51","name":"Mano pirma knyga test"}
{"date":"2022-06-02 17:52:31","name":"Mano pirma knyga test"}
{"date":"2022-06-02 17:52:33","name":"Mano pirma knyga test"}
{"date":"2022-06-02 17:52:36","name":"Mano pirma knyga test"}
{"date":"2022-06-02 17:52:36","name":"Mano pirma knyga test"}
{"date":"2022-06-02 17:52:57","name":"Mano pirma knyga test"}
{"date":"2022-06-02 17:56:19","name":"Mano pirma knyga test"}
{"date":"2022-06-02 17:56:20","name":"Mano pirma knyga test"}
{"date":"2022-06-02 17:56:22","name":"Mano pirma knyga test"}
{"date":"2022-06-02 17:56:34","name":"Mano pirma knyga test"}
{"date":"2022-06-02 17:56:46","name":"Mano pirma knyga test"}
{"date":"2022-06-02 17:56:47","name":"Mano pirma knyga test"}
{"date":"2022-06-02 17:57:03","name":"Mano pirma knyga test"}
{"date":"2022-06-02 17:57:04","name":"Mano pirma knyga test"}
{"date":"2022-06-02 17:57:07","name":"Mano pirma knyga test"}
{"date":"2022-06-02 17:57:17","name":"Mano pirma knyga test"}
{"date":"2022-06-02 17:57:41","name":"Mano pirma knyga test"}
{"date":"2022-06-02 17:59:25","name":"Mano pirma knyga test"}
{"date":"2022-06-02 17:59:51","name":"Mano pirma knyga test"}
{"date":"2022-06-02 18:01:26","name":"Mano pirma knyga test"}
{"date":"2022-06-02 18:01:45","name":"Mano pirma knyga test"}
{"date":"2022-06-02 18:01:45","name":"Mano pirma knyga test"}
{"date":"2022-06-02 18:15:59","name":"Mano pirma knyga test"}
{"date":"2022-06-02 18:16:02","name":"Mano pirma knyga test"}
{"date":"2022-06-02 18:16:09","name":"Mano pirma knyga test"}
{"date":"2022-06-02 18:24:04","name":"Mano pirma knyga test 45"}
{"date":"2022-06-02 18:26:35","name":"Mano pirma knyga test 45"}
{"date":"2022-06-02 18:26:44","name":"Mano pirma knyga test 45"}
{"date":"2022-06-02 18:35:51","name":"Mano pirma knyga test 45"}
{"date":"2022-06-02 18:36:03","name":"Mano pirma knyga test 45"}
{"date":"2022-06-02 18:38:32","name":"Mano pirma knyga test 45"}
{"date":"2022-06-02 18:39:14","name":"Mano pirma knyga test 45"}
{"date":"2022-06-02 18:39:56","name":"Mano pirma knyga test 45"}
{"date":"2022-06-02 18:40:56","name":"Mano pirma knyga test 45"}
{"date":"2022-06-02 18:40:58","name":"Mano pirma knyga test 45"}
{"date":"2022-06-02 18:41:02","name":"Mano pirma knyga test 45"}
{"date":"2022-06-02 18:41:02","name":"Mano pirma knyga test"}
{"date":"2022-06-02 18:41:13","name":"Mano pirma knyga test"}
{"date":"2022-06-02 18:43:09","name":"Mano pirma knyga test"}
{"date":"2022-06-02 18:43:10","name":"Mano pirma knyga test"}
{"date":"2022-06-02 18:44:31","name":"Mano pirma knyga test"}
{"date":"2022-06-02 18:44:36","name":"Mano pirma knyga test"}
{"date":"2022-06-02 18:44:39","name":"Mano pirma knyga test"}
{"date":"2022-06-02 18:44:59","name":"Mano pirma knyga test"}
{"date":"2022-06-02 18:45:05","name":"Mano pirma knyga test"}
{"date":"2022-06-02 18:45:24","name":"Mano pirma knyga test"}
{"date":"2022-06-02 18:46:29","name":"Mano pirma knyga test"}
{"date":"2022-06-02 18:46:31","name":"Mano pirma knyga test"}
{"date":"2022-06-02 18:46:32","name":"Mano antra knyga"}
{"date":"2022-06-02 18:46:37","name":"Mano antra knyga"}
{"date":"2022-06-02 18:46:37","name":"Mano antra knyga 34"}
{"date":"2022-06-02 18:47:04","name":"Mano antra knyga 34"}
{"date":"2022-06-02 18:47:07","name":"Mano antra knyga 34"}
{"date":"2022-06-02 18:47:08","name":"Mano antra knyga 34"}
{"date":"2022-06-02 18:47:09","name":"Mano antra knyga 34"}
{"date":"2022-06-02 18:47:10","name":"Mano antra knyga 34"}
{"date":"2022-06-02 18:47:11","name":"Mano antra knyga 34"}
{"date":"2022-06-02 18:47:12","name":"Mano antra knyga 34"}
{"date":"2022-06-02 18:47:13","name":"Mano antra knyga 34"}
{"date":"2022-06-02 18:47:14","name":"Mano antra knyga 34"}
{"date":"2022-06-02 18:47:15","name":"Mano antra knyga 34"}
{"date":"2022-06-02 18:47:16","name":"Mano antra knyga 34"}
{"date":"2022-06-02 18:48:58","name":"Mano antra knyga 34"}
{"date":"2022-06-02 18:49:04","name":"Mano antra knyga 34"}
{"date":"2022-06-02 18:50:14","name":"Mano trecia knyga"}
{"date":"2022-06-02 18:54:10","name":"Mano trecia knyga"}
{"date":"2022-06-02 18:59:26","name":"Mano trecia knyga"}
{"date":"2022-06-02 18:59:34","name":"Mano trecia knyga"}
{"date":"2022-06-02 19:00:05","name":"Mano trecia knyga"}
{"date":"2022-06-02 19:00:08","name":"Mano trecia knyga"}
{"date":"2022-06-02 19:00:10","name":"Mano pirma knyga test"}
{"date":"2022-06-02 19:00:14","name":"Mano pirma knyga test"}
{"date":"2022-06-02 19:00:16","name":"Mano antra knyga 34"}
{"date":"2022-06-02 19:00:19","name":"Mano trecia knyga"}
{"date":"2022-06-02 19:00:23","name":"Mano ketvirta knyga"}
{"date":"2022-06-02 19:00:36","name":"Mano pirma knyga test"}
{"date":"2022-06-02 19:00:37","name":"Mano pirma knyga test"}
{"date":"2022-06-02 19:00:55","name":"Mano pirma knyga test"}
{"date":"2022-06-02 19:00:59","name":"Mano antra knyga 34"}
{"date":"2022-06-02 19:01:04","name":"Mano trecia knyga"}
{"date":"2022-06-02 19:01:09","name":"Mano trecia knyga"}
