[2022-06-16T17:01:45.794077+00:00] magephp.DEBUG: Environment: production [] []
[2022-06-16T17:01:45.807438+00:00] magephp.DEBUG: Release ID: 20220616170145 [] []
[2022-06-16T17:01:45.811760+00:00] magephp.DEBUG: Running task [Git] Change Branch (master) (git/change-branch) [] []
[2022-06-16T17:01:45.811994+00:00] magephp.INFO: git branch | grep "*" [] []
[2022-06-16T17:01:45.861033+00:00] magephp.DEBUG: * master  [] []
[2022-06-16T17:01:45.865757+00:00] magephp.DEBUG: Task [Git] Change Branch (master) (git/change-branch) finished with SKIPPED, thrown SkipException [] []
[2022-06-16T17:01:45.866291+00:00] magephp.DEBUG: Running task [Git] Update (git/update) [] []
[2022-06-16T17:01:45.866506+00:00] magephp.INFO: git pull [] []
[2022-06-16T17:01:46.637480+00:00] magephp.DEBUG: Already up to date.  [] []
[2022-06-16T17:01:46.637730+00:00] magephp.DEBUG: Task [Git] Update (git/update) finished with OK [] []
[2022-06-16T17:01:46.637999+00:00] magephp.DEBUG: Running task [Composer] Dump Autoload (composer/dump-autoload) [] []
[2022-06-16T17:01:46.638212+00:00] magephp.INFO: composer dump-autoload --optimize [] []
[2022-06-16T17:02:12.149393+00:00] magephp.DEBUG: Generating optimized autoload files Discovered Package: [32mbarryvdh/laravel-debugbar[39m Discovered Package: [32mbarryvdh/laravel-ide-helper[39m Discovered Package: [32mlaravel/sail[39m Discovered Package: [32mlaravel/sanctum[39m Discovered Package: [32mlaravel/tinker[39m Discovered Package: [32mlaravel/ui[39m Discovered Package: [32mnesbot/carbon[39m Discovered Package: [32mnunomaduro/collision[39m Discovered Package: [32mspatie/laravel-ignition[39m [32mPackage manifest generated successfully.[39m Generated optimized autoload files containing 7162 classes  [] []
[2022-06-16T17:02:12.149762+00:00] magephp.DEBUG: Task [Composer] Dump Autoload (composer/dump-autoload) finished with OK [] []
[2022-06-16T17:02:12.150087+00:00] magephp.DEBUG: Running task [Deploy] Preparing Tar file (deploy/tar/prepare) [] []
[2022-06-16T17:02:12.150440+00:00] magephp.INFO: tar cfzp /tmp/magecZoo0u --exclude=".git" --exclude="./.vscode" --exclude="./node_modules" --exclude="./.gitignore" --exclude="./storage/app/*" --exclude="./storage/logs/*" --exclude="./storage/framework/cache/*" --exclude="./storage/framework/sessions/*" --exclude="./storage/framework/views/*" --exclude="./storage/debugbar" --exclude="./tests" ./ [] []
[2022-06-16T17:02:31.617746+00:00] magephp.DEBUG:  [] []
[2022-06-16T17:02:31.618049+00:00] magephp.DEBUG: Task [Deploy] Preparing Tar file (deploy/tar/prepare) finished with OK [] []
[2022-06-16T17:02:31.618532+00:00] magephp.DEBUG: Running task [Release] Preparing Release (deploy/release/prepare) [] []
[2022-06-16T17:02:31.618876+00:00] magephp.INFO: ssh -p 22 -q -o UserKnownHostsFile=/dev/null -o StrictHostKeyChecking=no -i /var/www/html/deployment/key_test root@146.190.229.184 "mkdir -p /var/www/myapp/releases/20220616170145" [] []
[2022-06-16T17:02:32.666984+00:00] magephp.DEBUG:  [] []
[2022-06-16T17:02:32.667339+00:00] magephp.DEBUG: Task [Release] Preparing Release (deploy/release/prepare) finished with OK [] []
[2022-06-16T17:02:32.667690+00:00] magephp.DEBUG: Running task [Deploy] Copying files with Tar (deploy/tar/copy) [] []
[2022-06-16T17:02:32.668000+00:00] magephp.INFO: scp -P 22 -q -o UserKnownHostsFile=/dev/null -o StrictHostKeyChecking=no -i /var/www/html/deployment/key_test /tmp/magecZoo0u root@146.190.229.184:/var/www/myapp/releases/20220616170145/magecZoo0u [] []
[2022-06-16T17:02:35.363511+00:00] magephp.DEBUG:  [] []
[2022-06-16T17:02:35.363813+00:00] magephp.INFO: ssh -p 22 -q -o UserKnownHostsFile=/dev/null -o StrictHostKeyChecking=no -i /var/www/html/deployment/key_test root@146.190.229.184 "cd /var/www/myapp/releases/20220616170145 && tar xfzop magecZoo0u" [] []
[2022-06-16T17:02:37.855027+00:00] magephp.DEBUG:  [] []
[2022-06-16T17:02:37.855450+00:00] magephp.INFO: ssh -p 22 -q -o UserKnownHostsFile=/dev/null -o StrictHostKeyChecking=no -i /var/www/html/deployment/key_test root@146.190.229.184 "rm /var/www/myapp/releases/20220616170145/magecZoo0u" [] []
[2022-06-16T17:02:38.985801+00:00] magephp.DEBUG:  [] []
[2022-06-16T17:02:38.986261+00:00] magephp.DEBUG: Task [Deploy] Copying files with Tar (deploy/tar/copy) finished with OK [] []
[2022-06-16T17:02:38.986570+00:00] magephp.DEBUG: Running task [FS] Copy "/var/www/shared/.env" to ".env" (fs/copy) [] []
[2022-06-16T17:02:38.986894+00:00] magephp.INFO: ssh -p 22 -q -o UserKnownHostsFile=/dev/null -o StrictHostKeyChecking=no -i /var/www/html/deployment/key_test root@146.190.229.184 "cd /var/www/myapp/releases/20220616170145 && cp -p \"/var/www/shared/.env\" \".env\"" [] []
[2022-06-16T17:02:39.927553+00:00] magephp.DEBUG:  [] []
[2022-06-16T17:02:39.927873+00:00] magephp.DEBUG: Task [FS] Copy "/var/www/shared/.env" to ".env" (fs/copy) finished with OK [] []
[2022-06-16T17:02:39.928335+00:00] magephp.DEBUG: Running task [Release] Creating Symlink (deploy/release) [] []
[2022-06-16T17:02:39.928615+00:00] magephp.INFO: ssh -p 22 -q -o UserKnownHostsFile=/dev/null -o StrictHostKeyChecking=no -i /var/www/html/deployment/key_test root@146.190.229.184 "cd /var/www/myapp && ln -snf releases/20220616170145 current" [] []
[2022-06-16T17:03:00.963931+00:00] magephp.DEBUG:  [] []
[2022-06-16T17:03:00.964193+00:00] magephp.ERROR:  [] []
[2022-06-16T17:03:00.964468+00:00] magephp.DEBUG: Task [Release] Creating Symlink (deploy/release) finished with FAIL [] []
