[2022-06-16T18:31:41.841360+00:00] magephp.DEBUG: Environment: production [] []
[2022-06-16T18:31:41.855632+00:00] magephp.DEBUG: Release ID: 20220616183141 [] []
[2022-06-16T18:31:41.859642+00:00] magephp.DEBUG: Running task [Git] Change Branch (master) (git/change-branch) [] []
[2022-06-16T18:31:41.859896+00:00] magephp.INFO: git branch | grep "*" [] []
[2022-06-16T18:31:41.912698+00:00] magephp.DEBUG: * master  [] []
[2022-06-16T18:31:41.917731+00:00] magephp.DEBUG: Task [Git] Change Branch (master) (git/change-branch) finished with SKIPPED, thrown SkipException [] []
[2022-06-16T18:31:41.918184+00:00] magephp.DEBUG: Running task [Git] Update (git/update) [] []
[2022-06-16T18:31:41.918384+00:00] magephp.INFO: git pull [] []
[2022-06-16T18:31:42.736547+00:00] magephp.DEBUG: Already up to date.  [] []
[2022-06-16T18:31:42.736828+00:00] magephp.DEBUG: Task [Git] Update (git/update) finished with OK [] []
[2022-06-16T18:31:42.737093+00:00] magephp.DEBUG: Running task [Composer] Dump Autoload (composer/dump-autoload) [] []
[2022-06-16T18:31:42.737271+00:00] magephp.INFO: composer dump-autoload --optimize [] []
[2022-06-16T18:32:07.735246+00:00] magephp.DEBUG: Generating optimized autoload files Discovered Package: [32mbarryvdh/laravel-debugbar[39m Discovered Package: [32mbarryvdh/laravel-ide-helper[39m Discovered Package: [32mlaravel/sail[39m Discovered Package: [32mlaravel/sanctum[39m Discovered Package: [32mlaravel/tinker[39m Discovered Package: [32mlaravel/ui[39m Discovered Package: [32mnesbot/carbon[39m Discovered Package: [32mnunomaduro/collision[39m Discovered Package: [32mspatie/laravel-ignition[39m [32mPackage manifest generated successfully.[39m Generated optimized autoload files containing 7162 classes  [] []
[2022-06-16T18:32:07.735615+00:00] magephp.DEBUG: Task [Composer] Dump Autoload (composer/dump-autoload) finished with OK [] []
[2022-06-16T18:32:07.735922+00:00] magephp.DEBUG: Running task [Deploy] Preparing Tar file (deploy/tar/prepare) [] []
[2022-06-16T18:32:07.736290+00:00] magephp.INFO: tar cfzp /tmp/mageXJzNKl --exclude=".git" --exclude="./.vscode" --exclude="./node_modules" --exclude="./.gitignore" --exclude="./storage/app/*" --exclude="./storage/logs/*" --exclude="./storage/framework/cache/*" --exclude="./storage/framework/sessions/*" --exclude="./storage/framework/views/*" --exclude="./storage/debugbar" --exclude="./tests" ./ [] []
[2022-06-16T18:32:27.082588+00:00] magephp.DEBUG:  [] []
[2022-06-16T18:32:27.082984+00:00] magephp.DEBUG: Task [Deploy] Preparing Tar file (deploy/tar/prepare) finished with OK [] []
[2022-06-16T18:32:27.083557+00:00] magephp.DEBUG: Running task [Release] Preparing Release (deploy/release/prepare) [] []
[2022-06-16T18:32:27.083898+00:00] magephp.INFO: ssh -p 22 -q -o UserKnownHostsFile=/dev/null -o StrictHostKeyChecking=no -i /var/www/html/deployment/key_test root@146.190.229.184 "mkdir -p /var/www/releases/20220616183141" [] []
[2022-06-16T18:32:28.080175+00:00] magephp.DEBUG:  [] []
[2022-06-16T18:32:28.080543+00:00] magephp.DEBUG: Task [Release] Preparing Release (deploy/release/prepare) finished with OK [] []
[2022-06-16T18:32:28.080841+00:00] magephp.DEBUG: Running task [Deploy] Copying files with Tar (deploy/tar/copy) [] []
[2022-06-16T18:32:28.081129+00:00] magephp.INFO: scp -P 22 -q -o UserKnownHostsFile=/dev/null -o StrictHostKeyChecking=no -i /var/www/html/deployment/key_test /tmp/mageXJzNKl root@146.190.229.184:/var/www/releases/20220616183141/mageXJzNKl [] []
[2022-06-16T18:32:30.675796+00:00] magephp.DEBUG:  [] []
[2022-06-16T18:32:30.676125+00:00] magephp.INFO: ssh -p 22 -q -o UserKnownHostsFile=/dev/null -o StrictHostKeyChecking=no -i /var/www/html/deployment/key_test root@146.190.229.184 "cd /var/www/releases/20220616183141 && tar xfzop mageXJzNKl" [] []
[2022-06-16T18:32:33.366622+00:00] magephp.DEBUG:  [] []
[2022-06-16T18:32:33.366983+00:00] magephp.INFO: ssh -p 22 -q -o UserKnownHostsFile=/dev/null -o StrictHostKeyChecking=no -i /var/www/html/deployment/key_test root@146.190.229.184 "rm /var/www/releases/20220616183141/mageXJzNKl" [] []
[2022-06-16T18:32:34.483389+00:00] magephp.DEBUG:  [] []
[2022-06-16T18:32:34.483850+00:00] magephp.DEBUG: Task [Deploy] Copying files with Tar (deploy/tar/copy) finished with OK [] []
[2022-06-16T18:32:34.484209+00:00] magephp.DEBUG: Running task [FS] Copy "/var/www/shared/.env" to ".env" (fs/copy) [] []
[2022-06-16T18:32:34.484499+00:00] magephp.INFO: ssh -p 22 -q -o UserKnownHostsFile=/dev/null -o StrictHostKeyChecking=no -i /var/www/html/deployment/key_test root@146.190.229.184 "cd /var/www/releases/20220616183141 && cp -p \"/var/www/shared/.env\" \".env\"" [] []
[2022-06-16T18:32:35.405415+00:00] magephp.DEBUG:  [] []
[2022-06-16T18:32:35.405753+00:00] magephp.DEBUG: Task [FS] Copy "/var/www/shared/.env" to ".env" (fs/copy) finished with OK [] []
[2022-06-16T18:32:35.406037+00:00] magephp.DEBUG: Running task [Exec] Copying .env file (exec) [] []
[2022-06-16T18:32:35.406304+00:00] magephp.INFO: ssh -p 22 -q -o UserKnownHostsFile=/dev/null -o StrictHostKeyChecking=no -i /var/www/html/deployment/key_test root@146.190.229.184 "cd /var/www/releases/20220616183141 && cp /var/www/shared/.env .env" [] []
[2022-06-16T18:32:36.331720+00:00] magephp.DEBUG:  [] []
[2022-06-16T18:32:36.332063+00:00] magephp.DEBUG: Task [Exec] Copying .env file (exec) finished with OK [] []
[2022-06-16T18:32:36.332411+00:00] magephp.DEBUG: Running task [Exec] Create new file for testing purposes (exec) [] []
[2022-06-16T18:32:36.332754+00:00] magephp.INFO: ssh -p 22 -q -o UserKnownHostsFile=/dev/null -o StrictHostKeyChecking=no -i /var/www/html/deployment/key_test root@146.190.229.184 "cd /var/www/releases/20220616183141 && touch new_file_from_deployment" [] []
[2022-06-16T18:32:37.227314+00:00] magephp.DEBUG:  [] []
[2022-06-16T18:32:37.227656+00:00] magephp.DEBUG: Task [Exec] Create new file for testing purposes (exec) finished with OK [] []
[2022-06-16T18:32:37.227936+00:00] magephp.DEBUG: Running task [Exec] Set storage permissions (exec) [] []
[2022-06-16T18:32:37.228218+00:00] magephp.INFO: ssh -p 22 -q -o UserKnownHostsFile=/dev/null -o StrictHostKeyChecking=no -i /var/www/html/deployment/key_test root@146.190.229.184 "cd /var/www/releases/20220616183141 && chmod -R 777 ./storage" [] []
[2022-06-16T18:32:38.191726+00:00] magephp.DEBUG:  [] []
[2022-06-16T18:32:38.192089+00:00] magephp.DEBUG: Task [Exec] Set storage permissions (exec) finished with OK [] []
[2022-06-16T18:32:38.192439+00:00] magephp.DEBUG: Running task [Exec] Migrating database (exec) [] []
[2022-06-16T18:32:38.192734+00:00] magephp.INFO: ssh -p 22 -q -o UserKnownHostsFile=/dev/null -o StrictHostKeyChecking=no -i /var/www/html/deployment/key_test root@146.190.229.184 "cd /var/www/releases/20220616183141 && php8.1 artisan migrate --force" [] []
[2022-06-16T18:32:39.517714+00:00] magephp.DEBUG: Nothing to migrate.  [] []
[2022-06-16T18:32:39.518068+00:00] magephp.DEBUG: Task [Exec] Migrating database (exec) finished with OK [] []
[2022-06-16T18:32:39.518523+00:00] magephp.DEBUG: Running task [Release] Creating Symlink (deploy/release) [] []
[2022-06-16T18:32:39.518824+00:00] magephp.INFO: ssh -p 22 -q -o UserKnownHostsFile=/dev/null -o StrictHostKeyChecking=no -i /var/www/html/deployment/key_test root@146.190.229.184 "cd /var/www && ln -snf releases/20220616183141 laravel" [] []
[2022-06-16T18:32:40.530345+00:00] magephp.DEBUG:  [] []
[2022-06-16T18:32:40.530699+00:00] magephp.DEBUG: Task [Release] Creating Symlink (deploy/release) finished with OK [] []
[2022-06-16T18:32:40.531146+00:00] magephp.DEBUG: Running task [Release] Cleaning up old Releases (deploy/release/cleanup) [] []
[2022-06-16T18:32:40.531452+00:00] magephp.INFO: ssh -p 22 -q -o UserKnownHostsFile=/dev/null -o StrictHostKeyChecking=no -i /var/www/html/deployment/key_test root@146.190.229.184 "ls -1 /var/www/releases" [] []
[2022-06-16T18:32:41.459529+00:00] magephp.DEBUG: 20220616170736 20220616181931 20220616183016 20220616183141  [] []
[2022-06-16T18:32:41.459873+00:00] magephp.DEBUG: Task [Release] Cleaning up old Releases (deploy/release/cleanup) finished with OK [] []
[2022-06-16T18:32:41.460288+00:00] magephp.DEBUG: Running task [Deploy] Cleanup Tar file (deploy/tar/cleanup) [] []
[2022-06-16T18:32:41.460520+00:00] magephp.INFO: rm /tmp/mageXJzNKl [] []
[2022-06-16T18:32:41.464616+00:00] magephp.DEBUG:  [] []
[2022-06-16T18:32:41.464976+00:00] magephp.DEBUG: Task [Deploy] Cleanup Tar file (deploy/tar/cleanup) finished with OK [] []
[2022-06-16T18:32:41.465270+00:00] magephp.DEBUG: Running task [Git] Change Branch (master) (git/change-branch) [] []
[2022-06-16T18:32:41.465464+00:00] magephp.INFO: git branch | grep "*" [] []
[2022-06-16T18:32:41.500228+00:00] magephp.DEBUG: * master  [] []
[2022-06-16T18:32:41.500501+00:00] magephp.DEBUG: Task [Git] Change Branch (master) (git/change-branch) finished with SKIPPED, thrown SkipException [] []
