[2022-06-16T16:55:15.027270+00:00] magephp.DEBUG: Environment: production [] []
[2022-06-16T16:55:15.047947+00:00] magephp.DEBUG: Release ID: 20220616165515 [] []
[2022-06-16T16:55:15.051707+00:00] magephp.DEBUG: Running task [Git] Change Branch (master) (git/change-branch) [] []
[2022-06-16T16:55:15.051928+00:00] magephp.INFO: git branch | grep "*" [] []
[2022-06-16T16:55:15.107006+00:00] magephp.DEBUG: * master  [] []
[2022-06-16T16:55:15.113433+00:00] magephp.DEBUG: Task [Git] Change Branch (master) (git/change-branch) finished with SKIPPED, thrown SkipException [] []
[2022-06-16T16:55:15.113888+00:00] magephp.DEBUG: Running task [Git] Update (git/update) [] []
[2022-06-16T16:55:15.114097+00:00] magephp.INFO: git pull [] []
[2022-06-16T16:55:15.914400+00:00] magephp.DEBUG: Already up to date.  [] []
[2022-06-16T16:55:15.914664+00:00] magephp.DEBUG: Task [Git] Update (git/update) finished with OK [] []
[2022-06-16T16:55:15.914917+00:00] magephp.DEBUG: Running task [Composer] Dump Autoload (composer/dump-autoload) [] []
[2022-06-16T16:55:15.915120+00:00] magephp.INFO: composer dump-autoload --optimize [] []
[2022-06-16T16:55:40.356358+00:00] magephp.DEBUG: Generating optimized autoload files Discovered Package: [32mbarryvdh/laravel-debugbar[39m Discovered Package: [32mbarryvdh/laravel-ide-helper[39m Discovered Package: [32mlaravel/sail[39m Discovered Package: [32mlaravel/sanctum[39m Discovered Package: [32mlaravel/tinker[39m Discovered Package: [32mlaravel/ui[39m Discovered Package: [32mnesbot/carbon[39m Discovered Package: [32mnunomaduro/collision[39m Discovered Package: [32mspatie/laravel-ignition[39m [32mPackage manifest generated successfully.[39m Generated optimized autoload files containing 7162 classes  [] []
[2022-06-16T16:55:40.356731+00:00] magephp.DEBUG: Task [Composer] Dump Autoload (composer/dump-autoload) finished with OK [] []
[2022-06-16T16:55:40.357021+00:00] magephp.DEBUG: Running task [Deploy] Preparing Tar file (deploy/tar/prepare) [] []
[2022-06-16T16:55:40.357338+00:00] magephp.INFO: tar cfzp /tmp/magenW8oY6 --exclude=".git" --exclude="./.vscode" --exclude="./node_modules" --exclude="./.gitignore" --exclude="./storage/app/*" --exclude="./storage/logs/*" --exclude="./storage/framework/cache/*" --exclude="./storage/framework/sessions/*" --exclude="./storage/framework/views/*" --exclude="./storage/debugbar" --exclude="./tests" ./ [] []
[2022-06-16T16:56:00.111833+00:00] magephp.DEBUG:  [] []
[2022-06-16T16:56:00.112213+00:00] magephp.DEBUG: Task [Deploy] Preparing Tar file (deploy/tar/prepare) finished with OK [] []
[2022-06-16T16:56:00.112776+00:00] magephp.DEBUG: Running task [Release] Preparing Release (deploy/release/prepare) [] []
[2022-06-16T16:56:00.113193+00:00] magephp.INFO: ssh -p 22 -q -o UserKnownHostsFile=/dev/null -o StrictHostKeyChecking=no -i /var/www/html/deployment/key_test root@146.190.229.184 "mkdir -p /var/www/myapp/releases/20220616165515" [] []
[2022-06-16T16:56:01.134917+00:00] magephp.DEBUG:  [] []
[2022-06-16T16:56:01.135257+00:00] magephp.DEBUG: Task [Release] Preparing Release (deploy/release/prepare) finished with OK [] []
[2022-06-16T16:56:01.135538+00:00] magephp.DEBUG: Running task [Deploy] Copying files with Tar (deploy/tar/copy) [] []
[2022-06-16T16:56:01.135802+00:00] magephp.INFO: scp -P 22 -q -o UserKnownHostsFile=/dev/null -o StrictHostKeyChecking=no -i /var/www/html/deployment/key_test /tmp/magenW8oY6 root@146.190.229.184:/var/www/myapp/releases/20220616165515/magenW8oY6 [] []
[2022-06-16T16:56:03.794406+00:00] magephp.DEBUG:  [] []
[2022-06-16T16:56:03.794914+00:00] magephp.INFO: ssh -p 22 -q -o UserKnownHostsFile=/dev/null -o StrictHostKeyChecking=no -i /var/www/html/deployment/key_test root@146.190.229.184 "cd /var/www/myapp/releases/20220616165515 && tar xfzop magenW8oY6" [] []
[2022-06-16T16:56:06.668922+00:00] magephp.DEBUG:  [] []
[2022-06-16T16:56:06.669296+00:00] magephp.INFO: ssh -p 22 -q -o UserKnownHostsFile=/dev/null -o StrictHostKeyChecking=no -i /var/www/html/deployment/key_test root@146.190.229.184 "rm /var/www/myapp/releases/20220616165515/magenW8oY6" [] []
[2022-06-16T16:56:07.928079+00:00] magephp.DEBUG:  [] []
[2022-06-16T16:56:07.928397+00:00] magephp.DEBUG: Task [Deploy] Copying files with Tar (deploy/tar/copy) finished with OK [] []
[2022-06-16T16:56:07.928705+00:00] magephp.DEBUG: Running task [FS] Copy "/var/www/shared/.env" to ".env" (fs/copy) [] []
[2022-06-16T16:56:07.929074+00:00] magephp.INFO: ssh -p 22 -q -o UserKnownHostsFile=/dev/null -o StrictHostKeyChecking=no -i /var/www/html/deployment/key_test root@146.190.229.184 "cd /var/www/myapp/releases/20220616165515 && cp -p \"/var/www/shared/.env\" \".env\"" [] []
[2022-06-16T16:56:08.908646+00:00] magephp.DEBUG:  [] []
[2022-06-16T16:56:08.908967+00:00] magephp.ERROR: cp: cannot stat '/var/www/shared/.env': No such file or directory  [] []
[2022-06-16T16:56:08.909267+00:00] magephp.DEBUG: Task [FS] Copy "/var/www/shared/.env" to ".env" (fs/copy) finished with FAIL [] []
