[2022-06-16T16:58:23.980634+00:00] magephp.DEBUG: Environment: production [] []
[2022-06-16T16:58:23.995216+00:00] magephp.DEBUG: Release ID: 20220616165823 [] []
[2022-06-16T16:58:23.998356+00:00] magephp.DEBUG: Running task [Git] Change Branch (master) (git/change-branch) [] []
[2022-06-16T16:58:23.998554+00:00] magephp.INFO: git branch | grep "*" [] []
[2022-06-16T16:58:24.051801+00:00] magephp.DEBUG: * master  [] []
[2022-06-16T16:58:24.058025+00:00] magephp.DEBUG: Task [Git] Change Branch (master) (git/change-branch) finished with SKIPPED, thrown SkipException [] []
[2022-06-16T16:58:24.058498+00:00] magephp.DEBUG: Running task [Git] Update (git/update) [] []
[2022-06-16T16:58:24.058711+00:00] magephp.INFO: git pull [] []
[2022-06-16T16:58:24.860972+00:00] magephp.DEBUG: Already up to date.  [] []
[2022-06-16T16:58:24.861245+00:00] magephp.DEBUG: Task [Git] Update (git/update) finished with OK [] []
[2022-06-16T16:58:24.861478+00:00] magephp.DEBUG: Running task [Composer] Dump Autoload (composer/dump-autoload) [] []
[2022-06-16T16:58:24.861743+00:00] magephp.INFO: composer dump-autoload --optimize [] []
[2022-06-16T16:58:49.936646+00:00] magephp.DEBUG: Generating optimized autoload files Discovered Package: [32mbarryvdh/laravel-debugbar[39m Discovered Package: [32mbarryvdh/laravel-ide-helper[39m Discovered Package: [32mlaravel/sail[39m Discovered Package: [32mlaravel/sanctum[39m Discovered Package: [32mlaravel/tinker[39m Discovered Package: [32mlaravel/ui[39m Discovered Package: [32mnesbot/carbon[39m Discovered Package: [32mnunomaduro/collision[39m Discovered Package: [32mspatie/laravel-ignition[39m [32mPackage manifest generated successfully.[39m Generated optimized autoload files containing 7162 classes  [] []
[2022-06-16T16:58:49.937058+00:00] magephp.DEBUG: Task [Composer] Dump Autoload (composer/dump-autoload) finished with OK [] []
[2022-06-16T16:58:49.937367+00:00] magephp.DEBUG: Running task [Deploy] Preparing Tar file (deploy/tar/prepare) [] []
[2022-06-16T16:58:49.937691+00:00] magephp.INFO: tar cfzp /tmp/magemkmlgz --exclude=".git" --exclude="./.vscode" --exclude="./node_modules" --exclude="./.gitignore" --exclude="./storage/app/*" --exclude="./storage/logs/*" --exclude="./storage/framework/cache/*" --exclude="./storage/framework/sessions/*" --exclude="./storage/framework/views/*" --exclude="./storage/debugbar" --exclude="./tests" ./ [] []
[2022-06-16T16:59:09.863268+00:00] magephp.DEBUG:  [] []
[2022-06-16T16:59:09.863695+00:00] magephp.DEBUG: Task [Deploy] Preparing Tar file (deploy/tar/prepare) finished with OK [] []
[2022-06-16T16:59:09.864202+00:00] magephp.DEBUG: Running task [Release] Preparing Release (deploy/release/prepare) [] []
[2022-06-16T16:59:09.864622+00:00] magephp.INFO: ssh -p 22 -q -o UserKnownHostsFile=/dev/null -o StrictHostKeyChecking=no -i /var/www/html/deployment/key_test root@146.190.229.184 "mkdir -p /var/www/myapp/releases/20220616165823" [] []
[2022-06-16T16:59:10.799328+00:00] magephp.DEBUG:  [] []
[2022-06-16T16:59:10.799720+00:00] magephp.DEBUG: Task [Release] Preparing Release (deploy/release/prepare) finished with OK [] []
[2022-06-16T16:59:10.799967+00:00] magephp.DEBUG: Running task [Deploy] Copying files with Tar (deploy/tar/copy) [] []
[2022-06-16T16:59:10.800275+00:00] magephp.INFO: scp -P 22 -q -o UserKnownHostsFile=/dev/null -o StrictHostKeyChecking=no -i /var/www/html/deployment/key_test /tmp/magemkmlgz root@146.190.229.184:/var/www/myapp/releases/20220616165823/magemkmlgz [] []
[2022-06-16T16:59:13.464362+00:00] magephp.DEBUG:  [] []
[2022-06-16T16:59:13.464666+00:00] magephp.INFO: ssh -p 22 -q -o UserKnownHostsFile=/dev/null -o StrictHostKeyChecking=no -i /var/www/html/deployment/key_test root@146.190.229.184 "cd /var/www/myapp/releases/20220616165823 && tar xfzop magemkmlgz" [] []
[2022-06-16T16:59:16.057289+00:00] magephp.DEBUG:  [] []
[2022-06-16T16:59:16.057700+00:00] magephp.INFO: ssh -p 22 -q -o UserKnownHostsFile=/dev/null -o StrictHostKeyChecking=no -i /var/www/html/deployment/key_test root@146.190.229.184 "rm /var/www/myapp/releases/20220616165823/magemkmlgz" [] []
[2022-06-16T16:59:17.185480+00:00] magephp.DEBUG:  [] []
[2022-06-16T16:59:17.185860+00:00] magephp.DEBUG: Task [Deploy] Copying files with Tar (deploy/tar/copy) finished with OK [] []
[2022-06-16T16:59:17.186242+00:00] magephp.DEBUG: Running task [FS] Copy "/var/www/shared/.env" to ".env" (fs/copy) [] []
[2022-06-16T16:59:17.186534+00:00] magephp.INFO: ssh -p 22 -q -o UserKnownHostsFile=/dev/null -o StrictHostKeyChecking=no -i /var/www/html/deployment/key_test root@146.190.229.184 "cd /var/www/myapp/releases/20220616165823 && cp -p \"/var/www/shared/.env\" \".env\"" [] []
[2022-06-16T16:59:18.115057+00:00] magephp.DEBUG:  [] []
[2022-06-16T16:59:18.115412+00:00] magephp.DEBUG: Task [FS] Copy "/var/www/shared/.env" to ".env" (fs/copy) finished with OK [] []
[2022-06-16T16:59:18.115900+00:00] magephp.DEBUG: Running task [Release] Creating Symlink (deploy/release) [] []
[2022-06-16T16:59:18.116291+00:00] magephp.INFO: ssh -p 22 -q -o UserKnownHostsFile=/dev/null -o StrictHostKeyChecking=no -i /var/www/html/deployment/key_test root@146.190.229.184 "cd /var/www/myapp && ln -snf releases/20220616165823 current" [] []
[2022-06-16T16:59:39.163097+00:00] magephp.DEBUG:  [] []
[2022-06-16T16:59:39.163376+00:00] magephp.ERROR:  [] []
[2022-06-16T16:59:39.163688+00:00] magephp.DEBUG: Task [Release] Creating Symlink (deploy/release) finished with FAIL [] []
