[2022-06-16T18:30:16.021543+00:00] magephp.DEBUG: Environment: production [] []
[2022-06-16T18:30:16.036626+00:00] magephp.DEBUG: Release ID: 20220616183016 [] []
[2022-06-16T18:30:16.039686+00:00] magephp.DEBUG: Running task [Git] Change Branch (master) (git/change-branch) [] []
[2022-06-16T18:30:16.039920+00:00] magephp.INFO: git branch | grep "*" [] []
[2022-06-16T18:30:16.089590+00:00] magephp.DEBUG: * master  [] []
[2022-06-16T18:30:16.095803+00:00] magephp.DEBUG: Task [Git] Change Branch (master) (git/change-branch) finished with SKIPPED, thrown SkipException [] []
[2022-06-16T18:30:16.096721+00:00] magephp.DEBUG: Running task [Git] Update (git/update) [] []
[2022-06-16T18:30:16.097001+00:00] magephp.INFO: git pull [] []
[2022-06-16T18:30:16.899201+00:00] magephp.DEBUG: Already up to date.  [] []
[2022-06-16T18:30:16.899471+00:00] magephp.DEBUG: Task [Git] Update (git/update) finished with OK [] []
[2022-06-16T18:30:16.899736+00:00] magephp.DEBUG: Running task [Composer] Dump Autoload (composer/dump-autoload) [] []
[2022-06-16T18:30:16.899924+00:00] magephp.INFO: composer dump-autoload --optimize [] []
[2022-06-16T18:30:43.200680+00:00] magephp.DEBUG: Generating optimized autoload files Discovered Package: [32mbarryvdh/laravel-debugbar[39m Discovered Package: [32mbarryvdh/laravel-ide-helper[39m Discovered Package: [32mlaravel/sail[39m Discovered Package: [32mlaravel/sanctum[39m Discovered Package: [32mlaravel/tinker[39m Discovered Package: [32mlaravel/ui[39m Discovered Package: [32mnesbot/carbon[39m Discovered Package: [32mnunomaduro/collision[39m Discovered Package: [32mspatie/laravel-ignition[39m [32mPackage manifest generated successfully.[39m Generated optimized autoload files containing 7162 classes  [] []
[2022-06-16T18:30:43.201102+00:00] magephp.DEBUG: Task [Composer] Dump Autoload (composer/dump-autoload) finished with OK [] []
[2022-06-16T18:30:43.201349+00:00] magephp.DEBUG: Running task [Deploy] Preparing Tar file (deploy/tar/prepare) [] []
[2022-06-16T18:30:43.201695+00:00] magephp.INFO: tar cfzp /tmp/mageqEQerM --exclude=".git" --exclude="./.vscode" --exclude="./node_modules" --exclude="./.gitignore" --exclude="./storage/app/*" --exclude="./storage/logs/*" --exclude="./storage/framework/cache/*" --exclude="./storage/framework/sessions/*" --exclude="./storage/framework/views/*" --exclude="./storage/debugbar" --exclude="./tests" ./ [] []
[2022-06-16T18:31:03.298565+00:00] magephp.DEBUG:  [] []
[2022-06-16T18:31:03.298956+00:00] magephp.DEBUG: Task [Deploy] Preparing Tar file (deploy/tar/prepare) finished with OK [] []
[2022-06-16T18:31:03.299406+00:00] magephp.DEBUG: Running task [Release] Preparing Release (deploy/release/prepare) [] []
[2022-06-16T18:31:03.299814+00:00] magephp.INFO: ssh -p 22 -q -o UserKnownHostsFile=/dev/null -o StrictHostKeyChecking=no -i /var/www/html/deployment/key_test root@146.190.229.184 "mkdir -p /var/www/releases/20220616183016" [] []
[2022-06-16T18:31:04.520087+00:00] magephp.DEBUG:  [] []
[2022-06-16T18:31:04.520401+00:00] magephp.DEBUG: Task [Release] Preparing Release (deploy/release/prepare) finished with OK [] []
[2022-06-16T18:31:04.520692+00:00] magephp.DEBUG: Running task [Deploy] Copying files with Tar (deploy/tar/copy) [] []
[2022-06-16T18:31:04.520982+00:00] magephp.INFO: scp -P 22 -q -o UserKnownHostsFile=/dev/null -o StrictHostKeyChecking=no -i /var/www/html/deployment/key_test /tmp/mageqEQerM root@146.190.229.184:/var/www/releases/20220616183016/mageqEQerM [] []
[2022-06-16T18:31:07.380301+00:00] magephp.DEBUG:  [] []
[2022-06-16T18:31:07.380630+00:00] magephp.INFO: ssh -p 22 -q -o UserKnownHostsFile=/dev/null -o StrictHostKeyChecking=no -i /var/www/html/deployment/key_test root@146.190.229.184 "cd /var/www/releases/20220616183016 && tar xfzop mageqEQerM" [] []
[2022-06-16T18:31:10.185274+00:00] magephp.DEBUG:  [] []
[2022-06-16T18:31:10.185657+00:00] magephp.INFO: ssh -p 22 -q -o UserKnownHostsFile=/dev/null -o StrictHostKeyChecking=no -i /var/www/html/deployment/key_test root@146.190.229.184 "rm /var/www/releases/20220616183016/mageqEQerM" [] []
[2022-06-16T18:31:11.414054+00:00] magephp.DEBUG:  [] []
[2022-06-16T18:31:11.414396+00:00] magephp.DEBUG: Task [Deploy] Copying files with Tar (deploy/tar/copy) finished with OK [] []
[2022-06-16T18:31:11.414740+00:00] magephp.DEBUG: Running task [FS] Copy "/var/www/shared/.env" to ".env" (fs/copy) [] []
[2022-06-16T18:31:11.414994+00:00] magephp.INFO: ssh -p 22 -q -o UserKnownHostsFile=/dev/null -o StrictHostKeyChecking=no -i /var/www/html/deployment/key_test root@146.190.229.184 "cd /var/www/releases/20220616183016 && cp -p \"/var/www/shared/.env\" \".env\"" [] []
[2022-06-16T18:31:12.406418+00:00] magephp.DEBUG:  [] []
[2022-06-16T18:31:12.406758+00:00] magephp.DEBUG: Task [FS] Copy "/var/www/shared/.env" to ".env" (fs/copy) finished with OK [] []
[2022-06-16T18:31:12.407051+00:00] magephp.DEBUG: Running task [Exec] Copying .env file (exec) [] []
[2022-06-16T18:31:12.407366+00:00] magephp.INFO: ssh -p 22 -q -o UserKnownHostsFile=/dev/null -o StrictHostKeyChecking=no -i /var/www/html/deployment/key_test root@146.190.229.184 "cd /var/www/releases/20220616183016 && cp /var/www/shared/.env .env" [] []
[2022-06-16T18:31:13.387409+00:00] magephp.DEBUG:  [] []
[2022-06-16T18:31:13.387761+00:00] magephp.DEBUG: Task [Exec] Copying .env file (exec) finished with OK [] []
[2022-06-16T18:31:13.388050+00:00] magephp.DEBUG: Running task [Exec] Create new file for testing purposes (exec) [] []
[2022-06-16T18:31:13.388376+00:00] magephp.INFO: ssh -p 22 -q -o UserKnownHostsFile=/dev/null -o StrictHostKeyChecking=no -i /var/www/html/deployment/key_test root@146.190.229.184 "cd /var/www/releases/20220616183016 && touch new_file_from_deployment" [] []
[2022-06-16T18:31:14.408215+00:00] magephp.DEBUG:  [] []
[2022-06-16T18:31:14.408565+00:00] magephp.DEBUG: Task [Exec] Create new file for testing purposes (exec) finished with OK [] []
[2022-06-16T18:31:14.408829+00:00] magephp.DEBUG: Running task [Exec] Set storage permissions (exec) [] []
[2022-06-16T18:31:14.409149+00:00] magephp.INFO: ssh -p 22 -q -o UserKnownHostsFile=/dev/null -o StrictHostKeyChecking=no -i /var/www/html/deployment/key_test root@146.190.229.184 "cd /var/www/releases/20220616183016 && chmod -R 777 ./storage" [] []
[2022-06-16T18:31:15.352036+00:00] magephp.DEBUG:  [] []
[2022-06-16T18:31:15.352406+00:00] magephp.DEBUG: Task [Exec] Set storage permissions (exec) finished with OK [] []
[2022-06-16T18:31:15.352692+00:00] magephp.DEBUG: Running task [Exec] Migrating database (exec) [] []
[2022-06-16T18:31:15.352992+00:00] magephp.INFO: ssh -p 22 -q -o UserKnownHostsFile=/dev/null -o StrictHostKeyChecking=no -i /var/www/html/deployment/key_test root@146.190.229.184 "cd /var/www/releases/20220616183016 && php8.1 artisan migrate -n" [] []
[2022-06-16T18:31:16.803798+00:00] magephp.DEBUG: ************************************** *     Application In Production!     * **************************************  Command Canceled!  [] []
[2022-06-16T18:31:16.804065+00:00] magephp.ERROR:  [] []
[2022-06-16T18:31:16.804364+00:00] magephp.DEBUG: Task [Exec] Migrating database (exec) finished with FAIL [] []
