[2022-06-16T18:33:32.150606+00:00] magephp.DEBUG: Environment: production [] []
[2022-06-16T18:33:32.167268+00:00] magephp.DEBUG: Release ID: 20220616183332 [] []
[2022-06-16T18:33:32.171321+00:00] magephp.DEBUG: Running task [Git] Change Branch (master) (git/change-branch) [] []
[2022-06-16T18:33:32.171533+00:00] magephp.INFO: git branch | grep "*" [] []
[2022-06-16T18:33:32.224935+00:00] magephp.DEBUG: * master  [] []
[2022-06-16T18:33:32.230351+00:00] magephp.DEBUG: Task [Git] Change Branch (master) (git/change-branch) finished with SKIPPED, thrown SkipException [] []
[2022-06-16T18:33:32.231202+00:00] magephp.DEBUG: Running task [Git] Update (git/update) [] []
[2022-06-16T18:33:32.231402+00:00] magephp.INFO: git pull [] []
[2022-06-16T18:33:33.025738+00:00] magephp.DEBUG: Already up to date.  [] []
[2022-06-16T18:33:33.025984+00:00] magephp.DEBUG: Task [Git] Update (git/update) finished with OK [] []
[2022-06-16T18:33:33.026236+00:00] magephp.DEBUG: Running task [Composer] Dump Autoload (composer/dump-autoload) [] []
[2022-06-16T18:33:33.026459+00:00] magephp.INFO: composer dump-autoload --optimize [] []
[2022-06-16T18:33:58.100456+00:00] magephp.DEBUG: Generating optimized autoload files Discovered Package: [32mbarryvdh/laravel-debugbar[39m Discovered Package: [32mbarryvdh/laravel-ide-helper[39m Discovered Package: [32mlaravel/sail[39m Discovered Package: [32mlaravel/sanctum[39m Discovered Package: [32mlaravel/tinker[39m Discovered Package: [32mlaravel/ui[39m Discovered Package: [32mnesbot/carbon[39m Discovered Package: [32mnunomaduro/collision[39m Discovered Package: [32mspatie/laravel-ignition[39m [32mPackage manifest generated successfully.[39m Generated optimized autoload files containing 7162 classes  [] []
[2022-06-16T18:33:58.100765+00:00] magephp.DEBUG: Task [Composer] Dump Autoload (composer/dump-autoload) finished with OK [] []
[2022-06-16T18:33:58.101003+00:00] magephp.DEBUG: Running task [Deploy] Preparing Tar file (deploy/tar/prepare) [] []
[2022-06-16T18:33:58.101314+00:00] magephp.INFO: tar cfzp /tmp/magefFRenk --exclude=".git" --exclude="./.vscode" --exclude="./node_modules" --exclude="./.gitignore" --exclude="./storage/app/*" --exclude="./storage/logs/*" --exclude="./storage/framework/cache/*" --exclude="./storage/framework/sessions/*" --exclude="./storage/framework/views/*" --exclude="./storage/debugbar" --exclude="./tests" ./ [] []
[2022-06-16T18:34:18.392389+00:00] magephp.DEBUG:  [] []
[2022-06-16T18:34:18.392751+00:00] magephp.DEBUG: Task [Deploy] Preparing Tar file (deploy/tar/prepare) finished with OK [] []
[2022-06-16T18:34:18.393227+00:00] magephp.DEBUG: Running task [Release] Preparing Release (deploy/release/prepare) [] []
[2022-06-16T18:34:18.393751+00:00] magephp.INFO: ssh -p 22 -q -o UserKnownHostsFile=/dev/null -o StrictHostKeyChecking=no -i /var/www/html/deployment/key_test root@146.190.229.184 "mkdir -p /var/www/releases/20220616183332" [] []
[2022-06-16T18:34:19.359877+00:00] magephp.DEBUG:  [] []
[2022-06-16T18:34:19.360221+00:00] magephp.DEBUG: Task [Release] Preparing Release (deploy/release/prepare) finished with OK [] []
[2022-06-16T18:34:19.360497+00:00] magephp.DEBUG: Running task [Deploy] Copying files with Tar (deploy/tar/copy) [] []
[2022-06-16T18:34:19.360771+00:00] magephp.INFO: scp -P 22 -q -o UserKnownHostsFile=/dev/null -o StrictHostKeyChecking=no -i /var/www/html/deployment/key_test /tmp/magefFRenk root@146.190.229.184:/var/www/releases/20220616183332/magefFRenk [] []
[2022-06-16T18:34:21.938936+00:00] magephp.DEBUG:  [] []
[2022-06-16T18:34:21.939237+00:00] magephp.INFO: ssh -p 22 -q -o UserKnownHostsFile=/dev/null -o StrictHostKeyChecking=no -i /var/www/html/deployment/key_test root@146.190.229.184 "cd /var/www/releases/20220616183332 && tar xfzop magefFRenk" [] []
[2022-06-16T18:34:24.708275+00:00] magephp.DEBUG:  [] []
[2022-06-16T18:34:24.708614+00:00] magephp.INFO: ssh -p 22 -q -o UserKnownHostsFile=/dev/null -o StrictHostKeyChecking=no -i /var/www/html/deployment/key_test root@146.190.229.184 "rm /var/www/releases/20220616183332/magefFRenk" [] []
[2022-06-16T18:34:25.946054+00:00] magephp.DEBUG:  [] []
[2022-06-16T18:34:25.946370+00:00] magephp.DEBUG: Task [Deploy] Copying files with Tar (deploy/tar/copy) finished with OK [] []
[2022-06-16T18:34:25.946700+00:00] magephp.DEBUG: Running task [FS] Copy "/var/www/shared/.env" to ".env" (fs/copy) [] []
[2022-06-16T18:34:25.947007+00:00] magephp.INFO: ssh -p 22 -q -o UserKnownHostsFile=/dev/null -o StrictHostKeyChecking=no -i /var/www/html/deployment/key_test root@146.190.229.184 "cd /var/www/releases/20220616183332 && cp -p \"/var/www/shared/.env\" \".env\"" [] []
[2022-06-16T18:34:26.903916+00:00] magephp.DEBUG:  [] []
[2022-06-16T18:34:26.904336+00:00] magephp.DEBUG: Task [FS] Copy "/var/www/shared/.env" to ".env" (fs/copy) finished with OK [] []
[2022-06-16T18:34:26.904618+00:00] magephp.DEBUG: Running task [Exec] Copying .env file (exec) [] []
[2022-06-16T18:34:26.904904+00:00] magephp.INFO: ssh -p 22 -q -o UserKnownHostsFile=/dev/null -o StrictHostKeyChecking=no -i /var/www/html/deployment/key_test root@146.190.229.184 "cd /var/www/releases/20220616183332 && cp /var/www/shared/.env .env" [] []
[2022-06-16T18:34:27.833805+00:00] magephp.DEBUG:  [] []
[2022-06-16T18:34:27.834135+00:00] magephp.DEBUG: Task [Exec] Copying .env file (exec) finished with OK [] []
[2022-06-16T18:34:27.834406+00:00] magephp.DEBUG: Running task [Exec] Create new file for testing purposes (exec) [] []
[2022-06-16T18:34:27.834683+00:00] magephp.INFO: ssh -p 22 -q -o UserKnownHostsFile=/dev/null -o StrictHostKeyChecking=no -i /var/www/html/deployment/key_test root@146.190.229.184 "cd /var/www/releases/20220616183332 && touch new_file_from_deployment" [] []
[2022-06-16T18:34:28.769529+00:00] magephp.DEBUG:  [] []
[2022-06-16T18:34:28.769871+00:00] magephp.DEBUG: Task [Exec] Create new file for testing purposes (exec) finished with OK [] []
[2022-06-16T18:34:28.770112+00:00] magephp.DEBUG: Running task [Exec] Set storage permissions (exec) [] []
[2022-06-16T18:34:28.770412+00:00] magephp.INFO: ssh -p 22 -q -o UserKnownHostsFile=/dev/null -o StrictHostKeyChecking=no -i /var/www/html/deployment/key_test root@146.190.229.184 "cd /var/www/releases/20220616183332 && chmod -R 777 ./storage" [] []
[2022-06-16T18:34:29.743524+00:00] magephp.DEBUG:  [] []
[2022-06-16T18:34:29.743888+00:00] magephp.DEBUG: Task [Exec] Set storage permissions (exec) finished with OK [] []
[2022-06-16T18:34:29.744117+00:00] magephp.DEBUG: Running task [Exec] Migrating database (exec) [] []
[2022-06-16T18:34:29.744365+00:00] magephp.INFO: ssh -p 22 -q -o UserKnownHostsFile=/dev/null -o StrictHostKeyChecking=no -i /var/www/html/deployment/key_test root@146.190.229.184 "cd /var/www/releases/20220616183332 && php8.1 artisan migrate --force" [] []
[2022-06-16T18:34:31.086794+00:00] magephp.DEBUG: Nothing to migrate.  [] []
[2022-06-16T18:34:31.087154+00:00] magephp.DEBUG: Task [Exec] Migrating database (exec) finished with OK [] []
[2022-06-16T18:34:31.087433+00:00] magephp.DEBUG: Running task [Exec] Seeding database (exec) [] []
[2022-06-16T18:34:31.087699+00:00] magephp.INFO: ssh -p 22 -q -o UserKnownHostsFile=/dev/null -o StrictHostKeyChecking=no -i /var/www/html/deployment/key_test root@146.190.229.184 "cd /var/www/releases/20220616183332 && php8.1 artisan db:seed --force" [] []
[2022-06-16T18:34:32.476758+00:00] magephp.DEBUG: Database seeding completed successfully.  [] []
[2022-06-16T18:34:32.477076+00:00] magephp.DEBUG: Task [Exec] Seeding database (exec) finished with OK [] []
[2022-06-16T18:34:32.477525+00:00] magephp.DEBUG: Running task [Release] Creating Symlink (deploy/release) [] []
[2022-06-16T18:34:32.477784+00:00] magephp.INFO: ssh -p 22 -q -o UserKnownHostsFile=/dev/null -o StrictHostKeyChecking=no -i /var/www/html/deployment/key_test root@146.190.229.184 "cd /var/www && ln -snf releases/20220616183332 laravel" [] []
[2022-06-16T18:34:33.438383+00:00] magephp.DEBUG:  [] []
[2022-06-16T18:34:33.438766+00:00] magephp.DEBUG: Task [Release] Creating Symlink (deploy/release) finished with OK [] []
[2022-06-16T18:34:33.439234+00:00] magephp.DEBUG: Running task [Release] Cleaning up old Releases (deploy/release/cleanup) [] []
[2022-06-16T18:34:33.439567+00:00] magephp.INFO: ssh -p 22 -q -o UserKnownHostsFile=/dev/null -o StrictHostKeyChecking=no -i /var/www/html/deployment/key_test root@146.190.229.184 "ls -1 /var/www/releases" [] []
[2022-06-16T18:34:34.397543+00:00] magephp.DEBUG: 20220616170736 20220616181931 20220616183016 20220616183141 20220616183332  [] []
[2022-06-16T18:34:34.397986+00:00] magephp.DEBUG: Task [Release] Cleaning up old Releases (deploy/release/cleanup) finished with OK [] []
[2022-06-16T18:34:34.398428+00:00] magephp.DEBUG: Running task [Deploy] Cleanup Tar file (deploy/tar/cleanup) [] []
[2022-06-16T18:34:34.398660+00:00] magephp.INFO: rm /tmp/magefFRenk [] []
[2022-06-16T18:34:34.402596+00:00] magephp.DEBUG:  [] []
[2022-06-16T18:34:34.402977+00:00] magephp.DEBUG: Task [Deploy] Cleanup Tar file (deploy/tar/cleanup) finished with OK [] []
[2022-06-16T18:34:34.403332+00:00] magephp.DEBUG: Running task [Git] Change Branch (master) (git/change-branch) [] []
[2022-06-16T18:34:34.403539+00:00] magephp.INFO: git branch | grep "*" [] []
[2022-06-16T18:34:34.436734+00:00] magephp.DEBUG: * master  [] []
[2022-06-16T18:34:34.437020+00:00] magephp.DEBUG: Task [Git] Change Branch (master) (git/change-branch) finished with SKIPPED, thrown SkipException [] []
