[2022-06-16T17:07:36.702779+00:00] magephp.DEBUG: Environment: production [] []
[2022-06-16T17:07:36.714707+00:00] magephp.DEBUG: Release ID: 20220616170736 [] []
[2022-06-16T17:07:36.718338+00:00] magephp.DEBUG: Running task [Git] Change Branch (master) (git/change-branch) [] []
[2022-06-16T17:07:36.718531+00:00] magephp.INFO: git branch | grep "*" [] []
[2022-06-16T17:07:36.766090+00:00] magephp.DEBUG: * master  [] []
[2022-06-16T17:07:36.772408+00:00] magephp.DEBUG: Task [Git] Change Branch (master) (git/change-branch) finished with SKIPPED, thrown SkipException [] []
[2022-06-16T17:07:36.772843+00:00] magephp.DEBUG: Running task [Git] Update (git/update) [] []
[2022-06-16T17:07:36.773059+00:00] magephp.INFO: git pull [] []
[2022-06-16T17:07:37.613124+00:00] magephp.DEBUG: Already up to date.  [] []
[2022-06-16T17:07:37.613357+00:00] magephp.DEBUG: Task [Git] Update (git/update) finished with OK [] []
[2022-06-16T17:07:37.613622+00:00] magephp.DEBUG: Running task [Composer] Dump Autoload (composer/dump-autoload) [] []
[2022-06-16T17:07:37.613856+00:00] magephp.INFO: composer dump-autoload --optimize [] []
[2022-06-16T17:08:03.420176+00:00] magephp.DEBUG: Generating optimized autoload files Discovered Package: [32mbarryvdh/laravel-debugbar[39m Discovered Package: [32mbarryvdh/laravel-ide-helper[39m Discovered Package: [32mlaravel/sail[39m Discovered Package: [32mlaravel/sanctum[39m Discovered Package: [32mlaravel/tinker[39m Discovered Package: [32mlaravel/ui[39m Discovered Package: [32mnesbot/carbon[39m Discovered Package: [32mnunomaduro/collision[39m Discovered Package: [32mspatie/laravel-ignition[39m [32mPackage manifest generated successfully.[39m Generated optimized autoload files containing 7162 classes  [] []
[2022-06-16T17:08:03.420506+00:00] magephp.DEBUG: Task [Composer] Dump Autoload (composer/dump-autoload) finished with OK [] []
[2022-06-16T17:08:03.420799+00:00] magephp.DEBUG: Running task [Deploy] Preparing Tar file (deploy/tar/prepare) [] []
[2022-06-16T17:08:03.421182+00:00] magephp.INFO: tar cfzp /tmp/mageQVafVu --exclude=".git" --exclude="./.vscode" --exclude="./node_modules" --exclude="./.gitignore" --exclude="./storage/app/*" --exclude="./storage/logs/*" --exclude="./storage/framework/cache/*" --exclude="./storage/framework/sessions/*" --exclude="./storage/framework/views/*" --exclude="./storage/debugbar" --exclude="./tests" ./ [] []
[2022-06-16T17:08:23.705076+00:00] magephp.DEBUG:  [] []
[2022-06-16T17:08:23.705405+00:00] magephp.DEBUG: Task [Deploy] Preparing Tar file (deploy/tar/prepare) finished with OK [] []
[2022-06-16T17:08:23.705875+00:00] magephp.DEBUG: Running task [Release] Preparing Release (deploy/release/prepare) [] []
[2022-06-16T17:08:23.706230+00:00] magephp.INFO: ssh -p 22 -q -o UserKnownHostsFile=/dev/null -o StrictHostKeyChecking=no -i /var/www/html/deployment/key_test root@146.190.229.184 "mkdir -p /var/www/releases/20220616170736" [] []
[2022-06-16T17:08:24.679294+00:00] magephp.DEBUG:  [] []
[2022-06-16T17:08:24.679791+00:00] magephp.DEBUG: Task [Release] Preparing Release (deploy/release/prepare) finished with OK [] []
[2022-06-16T17:08:24.680113+00:00] magephp.DEBUG: Running task [Deploy] Copying files with Tar (deploy/tar/copy) [] []
[2022-06-16T17:08:24.680399+00:00] magephp.INFO: scp -P 22 -q -o UserKnownHostsFile=/dev/null -o StrictHostKeyChecking=no -i /var/www/html/deployment/key_test /tmp/mageQVafVu root@146.190.229.184:/var/www/releases/20220616170736/mageQVafVu [] []
[2022-06-16T17:08:27.359863+00:00] magephp.DEBUG:  [] []
[2022-06-16T17:08:27.360198+00:00] magephp.INFO: ssh -p 22 -q -o UserKnownHostsFile=/dev/null -o StrictHostKeyChecking=no -i /var/www/html/deployment/key_test root@146.190.229.184 "cd /var/www/releases/20220616170736 && tar xfzop mageQVafVu" [] []
[2022-06-16T17:08:30.093185+00:00] magephp.DEBUG:  [] []
[2022-06-16T17:08:30.093524+00:00] magephp.INFO: ssh -p 22 -q -o UserKnownHostsFile=/dev/null -o StrictHostKeyChecking=no -i /var/www/html/deployment/key_test root@146.190.229.184 "rm /var/www/releases/20220616170736/mageQVafVu" [] []
[2022-06-16T17:08:31.259555+00:00] magephp.DEBUG:  [] []
[2022-06-16T17:08:31.259893+00:00] magephp.DEBUG: Task [Deploy] Copying files with Tar (deploy/tar/copy) finished with OK [] []
[2022-06-16T17:08:31.260250+00:00] magephp.DEBUG: Running task [FS] Copy "/var/www/shared/.env" to ".env" (fs/copy) [] []
[2022-06-16T17:08:31.260514+00:00] magephp.INFO: ssh -p 22 -q -o UserKnownHostsFile=/dev/null -o StrictHostKeyChecking=no -i /var/www/html/deployment/key_test root@146.190.229.184 "cd /var/www/releases/20220616170736 && cp -p \"/var/www/shared/.env\" \".env\"" [] []
[2022-06-16T17:08:32.184882+00:00] magephp.DEBUG:  [] []
[2022-06-16T17:08:32.185234+00:00] magephp.DEBUG: Task [FS] Copy "/var/www/shared/.env" to ".env" (fs/copy) finished with OK [] []
[2022-06-16T17:08:32.185664+00:00] magephp.DEBUG: Running task [Release] Creating Symlink (deploy/release) [] []
[2022-06-16T17:08:32.185943+00:00] magephp.INFO: ssh -p 22 -q -o UserKnownHostsFile=/dev/null -o StrictHostKeyChecking=no -i /var/www/html/deployment/key_test root@146.190.229.184 "cd /var/www && ln -snf releases/20220616170736 laravel" [] []
[2022-06-16T17:08:33.093887+00:00] magephp.DEBUG:  [] []
[2022-06-16T17:08:33.094231+00:00] magephp.DEBUG: Task [Release] Creating Symlink (deploy/release) finished with OK [] []
[2022-06-16T17:08:33.094658+00:00] magephp.DEBUG: Running task [Release] Cleaning up old Releases (deploy/release/cleanup) [] []
[2022-06-16T17:08:33.094952+00:00] magephp.INFO: ssh -p 22 -q -o UserKnownHostsFile=/dev/null -o StrictHostKeyChecking=no -i /var/www/html/deployment/key_test root@146.190.229.184 "ls -1 /var/www/releases" [] []
[2022-06-16T17:08:34.010207+00:00] magephp.DEBUG: 20220616170736  [] []
[2022-06-16T17:08:34.010575+00:00] magephp.DEBUG: Task [Release] Cleaning up old Releases (deploy/release/cleanup) finished with OK [] []
[2022-06-16T17:08:34.011028+00:00] magephp.DEBUG: Running task [Deploy] Cleanup Tar file (deploy/tar/cleanup) [] []
[2022-06-16T17:08:34.011271+00:00] magephp.INFO: rm /tmp/mageQVafVu [] []
[2022-06-16T17:08:34.015680+00:00] magephp.DEBUG:  [] []
[2022-06-16T17:08:34.015969+00:00] magephp.DEBUG: Task [Deploy] Cleanup Tar file (deploy/tar/cleanup) finished with OK [] []
[2022-06-16T17:08:34.016196+00:00] magephp.DEBUG: Running task [Git] Change Branch (master) (git/change-branch) [] []
[2022-06-16T17:08:34.016403+00:00] magephp.INFO: git branch | grep "*" [] []
[2022-06-16T17:08:34.052543+00:00] magephp.DEBUG: * master  [] []
[2022-06-16T17:08:34.052816+00:00] magephp.DEBUG: Task [Git] Change Branch (master) (git/change-branch) finished with SKIPPED, thrown SkipException [] []
