[2022-06-16T16:53:52.544169+00:00] magephp.DEBUG: Environment: production [] []
[2022-06-16T16:53:52.567429+00:00] magephp.DEBUG: Release ID: 20220616165352 [] []
[2022-06-16T16:53:52.571447+00:00] magephp.DEBUG: Running task [Git] Change Branch (master) (git/change-branch) [] []
[2022-06-16T16:53:52.571622+00:00] magephp.INFO: git branch | grep "*" [] []
[2022-06-16T16:53:52.638154+00:00] magephp.DEBUG: * master  [] []
[2022-06-16T16:53:52.644898+00:00] magephp.DEBUG: Task [Git] Change Branch (master) (git/change-branch) finished with SKIPPED, thrown SkipException [] []
[2022-06-16T16:53:52.645309+00:00] magephp.DEBUG: Running task [Git] Update (git/update) [] []
[2022-06-16T16:53:52.645718+00:00] magephp.INFO: git pull [] []
[2022-06-16T16:53:53.569998+00:00] magephp.DEBUG: Already up to date.  [] []
[2022-06-16T16:53:53.570276+00:00] magephp.DEBUG: Task [Git] Update (git/update) finished with OK [] []
[2022-06-16T16:53:53.570590+00:00] magephp.DEBUG: Running task [Composer] Dump Autoload (composer/dump-autoload) [] []
[2022-06-16T16:53:53.570825+00:00] magephp.INFO: composer dump-autoload --optimize [] []
[2022-06-16T16:54:33.697404+00:00] magephp.DEBUG: Generating optimized autoload files Discovered Package: [32mbarryvdh/laravel-debugbar[39m Discovered Package: [32mbarryvdh/laravel-ide-helper[39m Discovered Package: [32mlaravel/sail[39m Discovered Package: [32mlaravel/sanctum[39m Discovered Package: [32mlaravel/tinker[39m Discovered Package: [32mlaravel/ui[39m Discovered Package: [32mnesbot/carbon[39m Discovered Package: [32mnunomaduro/collision[39m Discovered Package: [32mspatie/laravel-ignition[39m [32mPackage manifest generated successfully.[39m Generated optimized autoload files containing 7162 classes  [] []
[2022-06-16T16:54:33.697770+00:00] magephp.DEBUG: Task [Composer] Dump Autoload (composer/dump-autoload) finished with OK [] []
[2022-06-16T16:54:33.698122+00:00] magephp.DEBUG: Running task [Deploy] Preparing Tar file (deploy/tar/prepare) [] []
[2022-06-16T16:54:33.698531+00:00] magephp.INFO: tar cfzp /tmp/mageBSqWLV --exclude=".git" --exclude="./.vscode" --exclude="./node_modules" --exclude="./.gitignore" --exclude="./storage/app/*" --exclude="./storage/logs/*" --exclude="./storage/framework/cache/*" --exclude="./storage/framework/sessions/*" --exclude="./storage/framework/views/*" --exclude="./storage/debugbar" --exclude="./tests" ./ [] []
[2022-06-16T16:55:00.879043+00:00] magephp.DEBUG:  [] []
[2022-06-16T16:55:00.879517+00:00] magephp.DEBUG: Task [Deploy] Preparing Tar file (deploy/tar/prepare) finished with OK [] []
[2022-06-16T16:55:00.880202+00:00] magephp.DEBUG: Running task [Release] Preparing Release (deploy/release/prepare) [] []
[2022-06-16T16:55:00.880574+00:00] magephp.INFO: ssh -p 22 -q -o UserKnownHostsFile=/dev/null -o StrictHostKeyChecking=no -i /var/www/html/deployment/key_new root@146.190.229.184 "mkdir -p /var/www/myapp/releases/20220616165352" [] []
[2022-06-16T16:55:01.090144+00:00] magephp.DEBUG:  [] []
[2022-06-16T16:55:01.090386+00:00] magephp.ERROR:  [] []
[2022-06-16T16:55:01.090668+00:00] magephp.DEBUG: Task [Release] Preparing Release (deploy/release/prepare) finished with FAIL [] []
