[2022-06-15T18:12:01.154638+00:00] magephp.DEBUG: Environment: production [] []
[2022-06-15T18:12:01.168388+00:00] magephp.DEBUG: Release ID: 20220615181201 [] []
[2022-06-15T18:12:01.172326+00:00] magephp.DEBUG: Running task [Git] Change Branch (master) (git/change-branch) [] []
[2022-06-15T18:12:01.172533+00:00] magephp.INFO: git branch | grep "*" [] []
[2022-06-15T18:12:01.223254+00:00] magephp.DEBUG: * master  [] []
[2022-06-15T18:12:01.229532+00:00] magephp.DEBUG: Task [Git] Change Branch (master) (git/change-branch) finished with SKIPPED, thrown SkipException [] []
[2022-06-15T18:12:01.229802+00:00] magephp.DEBUG: Running task [Git] Update (git/update) [] []
[2022-06-15T18:12:01.230206+00:00] magephp.INFO: git pull [] []
[2022-06-15T18:12:02.019181+00:00] magephp.DEBUG: Already up to date.  [] []
[2022-06-15T18:12:02.019465+00:00] magephp.DEBUG: Task [Git] Update (git/update) finished with OK [] []
[2022-06-15T18:12:02.019745+00:00] magephp.DEBUG: Running task [Composer] Dump Autoload (composer/dump-autoload) [] []
[2022-06-15T18:12:02.019949+00:00] magephp.INFO: composer dump-autoload --optimize [] []
[2022-06-15T18:12:27.562531+00:00] magephp.DEBUG: Generating optimized autoload files Discovered Package: [32mbarryvdh/laravel-debugbar[39m Discovered Package: [32mbarryvdh/laravel-ide-helper[39m Discovered Package: [32mlaravel/sail[39m Discovered Package: [32mlaravel/sanctum[39m Discovered Package: [32mlaravel/tinker[39m Discovered Package: [32mlaravel/ui[39m Discovered Package: [32mnesbot/carbon[39m Discovered Package: [32mnunomaduro/collision[39m Discovered Package: [32mspatie/laravel-ignition[39m [32mPackage manifest generated successfully.[39m Generated optimized autoload files containing 7162 classes  [] []
[2022-06-15T18:12:27.562964+00:00] magephp.DEBUG: Task [Composer] Dump Autoload (composer/dump-autoload) finished with OK [] []
[2022-06-15T18:12:27.563219+00:00] magephp.DEBUG: Running task [Deploy] Preparing Tar file (deploy/tar/prepare) [] []
[2022-06-15T18:12:27.563547+00:00] magephp.INFO: tar cfzp /tmp/mageTkHqPn --exclude=".git" --exclude="./.vscode" --exclude="./node_modules" --exclude="./.gitignore" --exclude="./storage/app/*" --exclude="./storage/logs/*" --exclude="./storage/framework/cache/*" --exclude="./storage/framework/sessions/*" --exclude="./storage/framework/views/*" --exclude="./storage/debugbar" --exclude="./tests" ./ [] []
[2022-06-15T18:12:47.948514+00:00] magephp.DEBUG:  [] []
[2022-06-15T18:12:47.948934+00:00] magephp.DEBUG: Task [Deploy] Preparing Tar file (deploy/tar/prepare) finished with OK [] []
[2022-06-15T18:12:47.949396+00:00] magephp.DEBUG: Running task [Release] Preparing Release (deploy/release/prepare) [] []
[2022-06-15T18:12:47.949790+00:00] magephp.INFO: ssh -p 22 -q -o UserKnownHostsFile=/dev/null -o StrictHostKeyChecking=no root@146.190.229.184 "mkdir -p /var/www/myapp/releases/20220615181201" [] []
[2022-06-15T18:12:48.160799+00:00] magephp.DEBUG:  [] []
[2022-06-15T18:12:48.161196+00:00] magephp.ERROR:  [] []
[2022-06-15T18:12:48.161865+00:00] magephp.DEBUG: Task [Release] Preparing Release (deploy/release/prepare) finished with FAIL [] []
