[2022-06-16T18:19:31.120665+00:00] magephp.DEBUG: Environment: production [] []
[2022-06-16T18:19:31.137337+00:00] magephp.DEBUG: Release ID: 20220616181931 [] []
[2022-06-16T18:19:31.142386+00:00] magephp.DEBUG: Running task [Git] Change Branch (master) (git/change-branch) [] []
[2022-06-16T18:19:31.142648+00:00] magephp.INFO: git branch | grep "*" [] []
[2022-06-16T18:19:31.200859+00:00] magephp.DEBUG: * master  [] []
[2022-06-16T18:19:31.207374+00:00] magephp.DEBUG: Task [Git] Change Branch (master) (git/change-branch) finished with SKIPPED, thrown SkipException [] []
[2022-06-16T18:19:31.207934+00:00] magephp.DEBUG: Running task [Git] Update (git/update) [] []
[2022-06-16T18:19:31.208157+00:00] magephp.INFO: git pull [] []
[2022-06-16T18:19:32.018849+00:00] magephp.DEBUG: Already up to date.  [] []
[2022-06-16T18:19:32.019127+00:00] magephp.DEBUG: Task [Git] Update (git/update) finished with OK [] []
[2022-06-16T18:19:32.019352+00:00] magephp.DEBUG: Running task [Composer] Dump Autoload (composer/dump-autoload) [] []
[2022-06-16T18:19:32.019554+00:00] magephp.INFO: composer dump-autoload --optimize [] []
[2022-06-16T18:20:00.478227+00:00] magephp.DEBUG: Generating optimized autoload files Discovered Package: [32mbarryvdh/laravel-debugbar[39m Discovered Package: [32mbarryvdh/laravel-ide-helper[39m Discovered Package: [32mlaravel/sail[39m Discovered Package: [32mlaravel/sanctum[39m Discovered Package: [32mlaravel/tinker[39m Discovered Package: [32mlaravel/ui[39m Discovered Package: [32mnesbot/carbon[39m Discovered Package: [32mnunomaduro/collision[39m Discovered Package: [32mspatie/laravel-ignition[39m [32mPackage manifest generated successfully.[39m Generated optimized autoload files containing 7162 classes  [] []
[2022-06-16T18:20:00.478634+00:00] magephp.DEBUG: Task [Composer] Dump Autoload (composer/dump-autoload) finished with OK [] []
[2022-06-16T18:20:00.479006+00:00] magephp.DEBUG: Running task [Deploy] Preparing Tar file (deploy/tar/prepare) [] []
[2022-06-16T18:20:00.479375+00:00] magephp.INFO: tar cfzp /tmp/magecmhbL6 --exclude=".git" --exclude="./.vscode" --exclude="./node_modules" --exclude="./.gitignore" --exclude="./storage/app/*" --exclude="./storage/logs/*" --exclude="./storage/framework/cache/*" --exclude="./storage/framework/sessions/*" --exclude="./storage/framework/views/*" --exclude="./storage/debugbar" --exclude="./tests" ./ [] []
[2022-06-16T18:20:20.884552+00:00] magephp.DEBUG:  [] []
[2022-06-16T18:20:20.884945+00:00] magephp.DEBUG: Task [Deploy] Preparing Tar file (deploy/tar/prepare) finished with OK [] []
[2022-06-16T18:20:20.885475+00:00] magephp.DEBUG: Running task [Release] Preparing Release (deploy/release/prepare) [] []
[2022-06-16T18:20:20.885823+00:00] magephp.INFO: ssh -p 22 -q -o UserKnownHostsFile=/dev/null -o StrictHostKeyChecking=no -i /var/www/html/deployment/key_test root@146.190.229.184 "mkdir -p /var/www/releases/20220616181931" [] []
[2022-06-16T18:20:22.096731+00:00] magephp.DEBUG:  [] []
[2022-06-16T18:20:22.097173+00:00] magephp.DEBUG: Task [Release] Preparing Release (deploy/release/prepare) finished with OK [] []
[2022-06-16T18:20:22.097463+00:00] magephp.DEBUG: Running task [Deploy] Copying files with Tar (deploy/tar/copy) [] []
[2022-06-16T18:20:22.097785+00:00] magephp.INFO: scp -P 22 -q -o UserKnownHostsFile=/dev/null -o StrictHostKeyChecking=no -i /var/www/html/deployment/key_test /tmp/magecmhbL6 root@146.190.229.184:/var/www/releases/20220616181931/magecmhbL6 [] []
[2022-06-16T18:20:24.798086+00:00] magephp.DEBUG:  [] []
[2022-06-16T18:20:24.798468+00:00] magephp.INFO: ssh -p 22 -q -o UserKnownHostsFile=/dev/null -o StrictHostKeyChecking=no -i /var/www/html/deployment/key_test root@146.190.229.184 "cd /var/www/releases/20220616181931 && tar xfzop magecmhbL6" [] []
[2022-06-16T18:20:27.484897+00:00] magephp.DEBUG:  [] []
[2022-06-16T18:20:27.485275+00:00] magephp.INFO: ssh -p 22 -q -o UserKnownHostsFile=/dev/null -o StrictHostKeyChecking=no -i /var/www/html/deployment/key_test root@146.190.229.184 "rm /var/www/releases/20220616181931/magecmhbL6" [] []
[2022-06-16T18:20:28.670642+00:00] magephp.DEBUG:  [] []
[2022-06-16T18:20:28.670983+00:00] magephp.DEBUG: Task [Deploy] Copying files with Tar (deploy/tar/copy) finished with OK [] []
[2022-06-16T18:20:28.671288+00:00] magephp.DEBUG: Running task [FS] Copy "/var/www/shared/.env" to ".env" (fs/copy) [] []
[2022-06-16T18:20:28.671575+00:00] magephp.INFO: ssh -p 22 -q -o UserKnownHostsFile=/dev/null -o StrictHostKeyChecking=no -i /var/www/html/deployment/key_test root@146.190.229.184 "cd /var/www/releases/20220616181931 && cp -p \"/var/www/shared/.env\" \".env\"" [] []
[2022-06-16T18:20:29.641804+00:00] magephp.DEBUG:  [] []
[2022-06-16T18:20:29.642260+00:00] magephp.DEBUG: Task [FS] Copy "/var/www/shared/.env" to ".env" (fs/copy) finished with OK [] []
[2022-06-16T18:20:29.642562+00:00] magephp.DEBUG: Running task [Exec] Create new file for testing purposes (exec) [] []
[2022-06-16T18:20:29.642895+00:00] magephp.INFO: ssh -p 22 -q -o UserKnownHostsFile=/dev/null -o StrictHostKeyChecking=no -i /var/www/html/deployment/key_test root@146.190.229.184 "cd /var/www/releases/20220616181931 && touch new_file_from_deployment" [] []
[2022-06-16T18:20:30.552630+00:00] magephp.DEBUG:  [] []
[2022-06-16T18:20:30.552975+00:00] magephp.DEBUG: Task [Exec] Create new file for testing purposes (exec) finished with OK [] []
[2022-06-16T18:20:30.553207+00:00] magephp.DEBUG: Running task [Exec] Set storage permissions (exec) [] []
[2022-06-16T18:20:30.553460+00:00] magephp.INFO: ssh -p 22 -q -o UserKnownHostsFile=/dev/null -o StrictHostKeyChecking=no -i /var/www/html/deployment/key_test root@146.190.229.184 "cd /var/www/releases/20220616181931 && chmod -R 777 ./storage" [] []
[2022-06-16T18:20:31.463479+00:00] magephp.DEBUG:  [] []
[2022-06-16T18:20:31.463810+00:00] magephp.DEBUG: Task [Exec] Set storage permissions (exec) finished with OK [] []
[2022-06-16T18:20:31.464336+00:00] magephp.DEBUG: Running task [Release] Creating Symlink (deploy/release) [] []
[2022-06-16T18:20:31.464706+00:00] magephp.INFO: ssh -p 22 -q -o UserKnownHostsFile=/dev/null -o StrictHostKeyChecking=no -i /var/www/html/deployment/key_test root@146.190.229.184 "cd /var/www && ln -snf releases/20220616181931 laravel" [] []
[2022-06-16T18:20:32.514079+00:00] magephp.DEBUG:  [] []
[2022-06-16T18:20:32.514411+00:00] magephp.DEBUG: Task [Release] Creating Symlink (deploy/release) finished with OK [] []
[2022-06-16T18:20:32.514819+00:00] magephp.DEBUG: Running task [Release] Cleaning up old Releases (deploy/release/cleanup) [] []
[2022-06-16T18:20:32.515123+00:00] magephp.INFO: ssh -p 22 -q -o UserKnownHostsFile=/dev/null -o StrictHostKeyChecking=no -i /var/www/html/deployment/key_test root@146.190.229.184 "ls -1 /var/www/releases" [] []
[2022-06-16T18:20:33.441525+00:00] magephp.DEBUG: 20220616170736 20220616181931  [] []
[2022-06-16T18:20:33.441894+00:00] magephp.DEBUG: Task [Release] Cleaning up old Releases (deploy/release/cleanup) finished with OK [] []
[2022-06-16T18:20:33.442403+00:00] magephp.DEBUG: Running task [Deploy] Cleanup Tar file (deploy/tar/cleanup) [] []
[2022-06-16T18:20:33.442617+00:00] magephp.INFO: rm /tmp/magecmhbL6 [] []
[2022-06-16T18:20:33.446761+00:00] magephp.DEBUG:  [] []
[2022-06-16T18:20:33.447021+00:00] magephp.DEBUG: Task [Deploy] Cleanup Tar file (deploy/tar/cleanup) finished with OK [] []
[2022-06-16T18:20:33.447337+00:00] magephp.DEBUG: Running task [Git] Change Branch (master) (git/change-branch) [] []
[2022-06-16T18:20:33.447516+00:00] magephp.INFO: git branch | grep "*" [] []
[2022-06-16T18:20:33.483459+00:00] magephp.DEBUG: * master  [] []
[2022-06-16T18:20:33.483763+00:00] magephp.DEBUG: Task [Git] Change Branch (master) (git/change-branch) finished with SKIPPED, thrown SkipException [] []
